/*C27*/SET SCHEMA PUBLIC
DISCONNECT
/*C28*/SET SCHEMA PUBLIC
DISCONNECT
/*C29*/SET SCHEMA PUBLIC
DISCONNECT
/*C30*/SET SCHEMA PUBLIC
DISCONNECT
/*C31*/SET SCHEMA PUBLIC
DISCONNECT
/*C32*/SET SCHEMA PUBLIC
DISCONNECT
/*C33*/SET SCHEMA PUBLIC
DISCONNECT
/*C34*/SET SCHEMA PUBLIC
INSERT INTO TASK VALUES(79,'\u041a\u043e\u043d\u0442\u0430\u043a\u0442\u044b','2017-03-17','2017-03-17',3,7,NULL,1)
COMMIT
DISCONNECT
/*C35*/SET SCHEMA PUBLIC
DISCONNECT
/*C36*/SET SCHEMA PUBLIC
INSERT INTO TASK2PERSON VALUES(79,1,79)
COMMIT
DISCONNECT
/*C37*/SET SCHEMA PUBLIC
DISCONNECT
/*C38*/SET SCHEMA PUBLIC
DISCONNECT
/*C39*/SET SCHEMA PUBLIC
DISCONNECT
/*C40*/SET SCHEMA PUBLIC
DISCONNECT
/*C41*/SET SCHEMA PUBLIC
DISCONNECT
/*C42*/SET SCHEMA PUBLIC
DISCONNECT
/*C43*/SET SCHEMA PUBLIC
DISCONNECT
/*C44*/SET SCHEMA PUBLIC
DISCONNECT
/*C45*/SET SCHEMA PUBLIC
DISCONNECT
/*C46*/SET SCHEMA PUBLIC
DISCONNECT
/*C47*/SET SCHEMA PUBLIC
DISCONNECT
/*C48*/SET SCHEMA PUBLIC
INSERT INTO COMMENT VALUES(27,'\u0410\u0441\u043a\u0430\u0440 89136105580','2017-03-17',79)
COMMIT
DISCONNECT
/*C49*/SET SCHEMA PUBLIC
DISCONNECT
/*C50*/SET SCHEMA PUBLIC
DISCONNECT
/*C51*/SET SCHEMA PUBLIC
DISCONNECT
/*C52*/SET SCHEMA PUBLIC
DISCONNECT
/*C53*/SET SCHEMA PUBLIC
DISCONNECT
/*C54*/SET SCHEMA PUBLIC
DISCONNECT
/*C55*/SET SCHEMA PUBLIC
DISCONNECT
/*C56*/SET SCHEMA PUBLIC
DISCONNECT
/*C57*/SET SCHEMA PUBLIC
INSERT INTO COMMENT VALUES(28,'\u0410\u0441\u043a\u0430\u0440 89148429363','2017-03-17',79)
COMMIT
DISCONNECT
/*C58*/SET SCHEMA PUBLIC
DISCONNECT
/*C59*/SET SCHEMA PUBLIC
DISCONNECT
/*C60*/SET SCHEMA PUBLIC
DISCONNECT
/*C61*/SET SCHEMA PUBLIC
DISCONNECT
/*C62*/SET SCHEMA PUBLIC
DISCONNECT
/*C63*/SET SCHEMA PUBLIC
DISCONNECT
/*C64*/SET SCHEMA PUBLIC
DISCONNECT
/*C65*/SET SCHEMA PUBLIC
DISCONNECT
/*C66*/SET SCHEMA PUBLIC
INSERT INTO COMMENT VALUES(29,'\u0410\u0441\u043a\u0430\u0440 \u041c\u0422\u0421 89136329808','2017-03-17',79)
COMMIT
DISCONNECT
/*C67*/SET SCHEMA PUBLIC
DISCONNECT
/*C68*/SET SCHEMA PUBLIC
DISCONNECT
/*C69*/SET SCHEMA PUBLIC
DISCONNECT
/*C70*/SET SCHEMA PUBLIC
DISCONNECT
/*C71*/SET SCHEMA PUBLIC
DISCONNECT
/*C72*/SET SCHEMA PUBLIC
DISCONNECT
/*C73*/SET SCHEMA PUBLIC
DISCONNECT
/*C74*/SET SCHEMA PUBLIC
DISCONNECT
/*C75*/SET SCHEMA PUBLIC
INSERT INTO COMMENT VALUES(30,'\u0410\u0441\u043a\u0430\u04401 89043238675','2017-03-17',79)
COMMIT
DISCONNECT
/*C76*/SET SCHEMA PUBLIC
DISCONNECT
/*C77*/SET SCHEMA PUBLIC
DISCONNECT
/*C78*/SET SCHEMA PUBLIC
DISCONNECT
/*C79*/SET SCHEMA PUBLIC
DISCONNECT
/*C80*/SET SCHEMA PUBLIC
DISCONNECT
/*C81*/SET SCHEMA PUBLIC
DISCONNECT
/*C82*/SET SCHEMA PUBLIC
DISCONNECT
/*C83*/SET SCHEMA PUBLIC
DISCONNECT
/*C84*/SET SCHEMA PUBLIC
INSERT INTO COMMENT VALUES(31,'\u0411\u0430\u0431\u0443\u0448\u043a\u0438\u043d \u0414\u0435\u043d\u0438\u0441 89609877977','2017-03-17',79)
COMMIT
DISCONNECT
/*C85*/SET SCHEMA PUBLIC
DISCONNECT
/*C86*/SET SCHEMA PUBLIC
DISCONNECT
/*C87*/SET SCHEMA PUBLIC
DISCONNECT
/*C88*/SET SCHEMA PUBLIC
DISCONNECT
/*C89*/SET SCHEMA PUBLIC
DISCONNECT
/*C90*/SET SCHEMA PUBLIC
DISCONNECT
/*C91*/SET SCHEMA PUBLIC
DISCONNECT
/*C92*/SET SCHEMA PUBLIC
DISCONNECT
/*C93*/SET SCHEMA PUBLIC
INSERT INTO COMMENT VALUES(32,'\u0411\u043e\u0440\u043e\u0434\u0438\u043d \u0412\u043b\u0430\u0434 89043229454','2017-03-17',79)
COMMIT
DISCONNECT
/*C94*/SET SCHEMA PUBLIC
DISCONNECT
/*C95*/SET SCHEMA PUBLIC
DISCONNECT
/*C96*/SET SCHEMA PUBLIC
DISCONNECT
/*C97*/SET SCHEMA PUBLIC
DISCONNECT
/*C98*/SET SCHEMA PUBLIC
DISCONNECT
/*C99*/SET SCHEMA PUBLIC
DISCONNECT
/*C100*/SET SCHEMA PUBLIC
DISCONNECT
/*C101*/SET SCHEMA PUBLIC
DISCONNECT
/*C102*/SET SCHEMA PUBLIC
INSERT INTO COMMENT VALUES(33,'\u0411\u043e\u0440\u043e\u0434\u0438\u043d \u0412\u043b\u0430\u0434 79139766148','2017-03-17',79)
COMMIT
DISCONNECT
/*C103*/SET SCHEMA PUBLIC
DISCONNECT
/*C104*/SET SCHEMA PUBLIC
DISCONNECT
/*C105*/SET SCHEMA PUBLIC
DISCONNECT
/*C106*/SET SCHEMA PUBLIC
DISCONNECT
/*C107*/SET SCHEMA PUBLIC
DISCONNECT
/*C108*/SET SCHEMA PUBLIC
DISCONNECT
/*C109*/SET SCHEMA PUBLIC
DISCONNECT
/*C110*/SET SCHEMA PUBLIC
DISCONNECT
/*C111*/SET SCHEMA PUBLIC
INSERT INTO COMMENT VALUES(34,'\u0411\u043e\u0440\u044f \u0421\u043e\u0441\u0435\u0434 89043221248','2017-03-17',79)
COMMIT
DISCONNECT
/*C112*/SET SCHEMA PUBLIC
DISCONNECT
/*C113*/SET SCHEMA PUBLIC
DISCONNECT
/*C114*/SET SCHEMA PUBLIC
DISCONNECT
/*C115*/SET SCHEMA PUBLIC
DISCONNECT
/*C116*/SET SCHEMA PUBLIC
DISCONNECT
/*C117*/SET SCHEMA PUBLIC
DISCONNECT
/*C118*/SET SCHEMA PUBLIC
DISCONNECT
/*C119*/SET SCHEMA PUBLIC
DISCONNECT
/*C120*/SET SCHEMA PUBLIC
INSERT INTO COMMENT VALUES(35,'\u0411\u0440\u0430\u0442 89006733185','2017-03-17',79)
COMMIT
DISCONNECT
/*C121*/SET SCHEMA PUBLIC
DISCONNECT
/*C122*/SET SCHEMA PUBLIC
DISCONNECT
/*C123*/SET SCHEMA PUBLIC
DISCONNECT
/*C124*/SET SCHEMA PUBLIC
DISCONNECT
/*C125*/SET SCHEMA PUBLIC
DISCONNECT
/*C126*/SET SCHEMA PUBLIC
DISCONNECT
/*C127*/SET SCHEMA PUBLIC
DISCONNECT
/*C128*/SET SCHEMA PUBLIC
DISCONNECT
/*C129*/SET SCHEMA PUBLIC
INSERT INTO COMMENT VALUES(36,'\u0412\u0438\u0442\u044c\u043a\u0430 89136029855','2017-03-17',79)
COMMIT
DISCONNECT
/*C130*/SET SCHEMA PUBLIC
DISCONNECT
/*C131*/SET SCHEMA PUBLIC
DISCONNECT
/*C132*/SET SCHEMA PUBLIC
DISCONNECT
/*C133*/SET SCHEMA PUBLIC
DISCONNECT
/*C134*/SET SCHEMA PUBLIC
DISCONNECT
/*C135*/SET SCHEMA PUBLIC
DISCONNECT
/*C136*/SET SCHEMA PUBLIC
DISCONNECT
/*C137*/SET SCHEMA PUBLIC
DISCONNECT
/*C138*/SET SCHEMA PUBLIC
INSERT INTO COMMENT VALUES(37,'\u0412\u043b\u0430\u0434 89503315364','2017-03-17',79)
COMMIT
DISCONNECT
/*C139*/SET SCHEMA PUBLIC
DISCONNECT
/*C140*/SET SCHEMA PUBLIC
DISCONNECT
/*C141*/SET SCHEMA PUBLIC
DISCONNECT
/*C142*/SET SCHEMA PUBLIC
DISCONNECT
/*C143*/SET SCHEMA PUBLIC
DISCONNECT
/*C144*/SET SCHEMA PUBLIC
DISCONNECT
/*C145*/SET SCHEMA PUBLIC
DISCONNECT
/*C146*/SET SCHEMA PUBLIC
DISCONNECT
/*C147*/SET SCHEMA PUBLIC
INSERT INTO COMMENT VALUES(38,'\u0412\u043e\u0432\u043a\u0430 89088064808','2017-03-17',79)
COMMIT
DISCONNECT
/*C148*/SET SCHEMA PUBLIC
DISCONNECT
/*C149*/SET SCHEMA PUBLIC
DISCONNECT
/*C150*/SET SCHEMA PUBLIC
DISCONNECT
/*C151*/SET SCHEMA PUBLIC
DISCONNECT
/*C152*/SET SCHEMA PUBLIC
DISCONNECT
/*C153*/SET SCHEMA PUBLIC
DISCONNECT
/*C154*/SET SCHEMA PUBLIC
DISCONNECT
/*C155*/SET SCHEMA PUBLIC
DISCONNECT
/*C156*/SET SCHEMA PUBLIC
INSERT INTO COMMENT VALUES(39,'\u0412\u043e\u0432\u043a\u0430 89136414662','2017-03-17',79)
COMMIT
DISCONNECT
/*C157*/SET SCHEMA PUBLIC
DISCONNECT
/*C158*/SET SCHEMA PUBLIC
DISCONNECT
/*C159*/SET SCHEMA PUBLIC
DISCONNECT
/*C160*/SET SCHEMA PUBLIC
DISCONNECT
/*C161*/SET SCHEMA PUBLIC
DISCONNECT
/*C162*/SET SCHEMA PUBLIC
DISCONNECT
/*C163*/SET SCHEMA PUBLIC
DISCONNECT
/*C164*/SET SCHEMA PUBLIC
DISCONNECT
/*C165*/SET SCHEMA PUBLIC
INSERT INTO COMMENT VALUES(40,'\u0412\u044b\u0434\u0440\u0438\u043d \u0412\u0430\u043b\u0435\u0440\u0438\u0439 89514231826','2017-03-17',79)
COMMIT
DISCONNECT
/*C166*/SET SCHEMA PUBLIC
DISCONNECT
/*C167*/SET SCHEMA PUBLIC
DISCONNECT
/*C168*/SET SCHEMA PUBLIC
DISCONNECT
/*C169*/SET SCHEMA PUBLIC
DISCONNECT
/*C170*/SET SCHEMA PUBLIC
DISCONNECT
/*C171*/SET SCHEMA PUBLIC
DISCONNECT
/*C172*/SET SCHEMA PUBLIC
DISCONNECT
/*C173*/SET SCHEMA PUBLIC
DISCONNECT
/*C174*/SET SCHEMA PUBLIC
INSERT INTO COMMENT VALUES(41,'\u0413\u0430\u0440\u0430\u0436 89659856300','2017-03-17',79)
COMMIT
DISCONNECT
/*C175*/SET SCHEMA PUBLIC
DISCONNECT
/*C176*/SET SCHEMA PUBLIC
DISCONNECT
/*C177*/SET SCHEMA PUBLIC
DISCONNECT
/*C178*/SET SCHEMA PUBLIC
DISCONNECT
/*C179*/SET SCHEMA PUBLIC
DISCONNECT
/*C180*/SET SCHEMA PUBLIC
DISCONNECT
/*C181*/SET SCHEMA PUBLIC
DISCONNECT
/*C182*/SET SCHEMA PUBLIC
DISCONNECT
/*C183*/SET SCHEMA PUBLIC
INSERT INTO COMMENT VALUES(42,'\u0413\u043b\u0430\u0434\u043a\u0438\u0439 \u041f\u0435\u0442\u0440 89131448101','2017-03-17',79)
COMMIT
DISCONNECT
/*C184*/SET SCHEMA PUBLIC
DISCONNECT
/*C185*/SET SCHEMA PUBLIC
DISCONNECT
/*C186*/SET SCHEMA PUBLIC
DISCONNECT
/*C187*/SET SCHEMA PUBLIC
DISCONNECT
/*C188*/SET SCHEMA PUBLIC
DISCONNECT
/*C189*/SET SCHEMA PUBLIC
DISCONNECT
/*C190*/SET SCHEMA PUBLIC
DISCONNECT
/*C191*/SET SCHEMA PUBLIC
DISCONNECT
/*C192*/SET SCHEMA PUBLIC
INSERT INTO COMMENT VALUES(43,'\u0414\u0413\u04118 \u0420\u0435\u0433\u0438\u0441\u0442\u0440\u0430\u0442\u0443\u0440\u0430 567592','2017-03-17',79)
COMMIT
DISCONNECT
/*C193*/SET SCHEMA PUBLIC
DISCONNECT
/*C194*/SET SCHEMA PUBLIC
DISCONNECT
/*C195*/SET SCHEMA PUBLIC
DISCONNECT
/*C196*/SET SCHEMA PUBLIC
DISCONNECT
/*C197*/SET SCHEMA PUBLIC
DISCONNECT
/*C198*/SET SCHEMA PUBLIC
DISCONNECT
/*C199*/SET SCHEMA PUBLIC
DISCONNECT
/*C200*/SET SCHEMA PUBLIC
DISCONNECT
/*C201*/SET SCHEMA PUBLIC
INSERT INTO COMMENT VALUES(44,'\u0414\u0435\u043d\u0438\u0441 89069198341','2017-03-17',79)
COMMIT
DISCONNECT
/*C202*/SET SCHEMA PUBLIC
DISCONNECT
/*C203*/SET SCHEMA PUBLIC
DISCONNECT
/*C204*/SET SCHEMA PUBLIC
DISCONNECT
/*C205*/SET SCHEMA PUBLIC
DISCONNECT
/*C206*/SET SCHEMA PUBLIC
DISCONNECT
/*C207*/SET SCHEMA PUBLIC
DISCONNECT
/*C208*/SET SCHEMA PUBLIC
DISCONNECT
/*C209*/SET SCHEMA PUBLIC
DISCONNECT
/*C210*/SET SCHEMA PUBLIC
INSERT INTO COMMENT VALUES(45,'\u0414\u0438\u043c\u0430 \u0421\u043e\u0441\u0435\u0434 89502117117','2017-03-17',79)
COMMIT
DISCONNECT
/*C211*/SET SCHEMA PUBLIC
DISCONNECT
/*C212*/SET SCHEMA PUBLIC
DISCONNECT
/*C213*/SET SCHEMA PUBLIC
DISCONNECT
/*C214*/SET SCHEMA PUBLIC
DISCONNECT
/*C215*/SET SCHEMA PUBLIC
DISCONNECT
/*C216*/SET SCHEMA PUBLIC
DISCONNECT
/*C217*/SET SCHEMA PUBLIC
DISCONNECT
/*C218*/SET SCHEMA PUBLIC
DISCONNECT
/*C219*/SET SCHEMA PUBLIC
INSERT INTO COMMENT VALUES(46,'\u0414\u044f\u0434\u044f \u0421\u0435\u0440\u0435\u0436\u0430 89136084999','2017-03-17',79)
COMMIT
DISCONNECT
/*C220*/SET SCHEMA PUBLIC
DISCONNECT
/*C221*/SET SCHEMA PUBLIC
DISCONNECT
/*C222*/SET SCHEMA PUBLIC
DISCONNECT
/*C223*/SET SCHEMA PUBLIC
DISCONNECT
/*C224*/SET SCHEMA PUBLIC
DISCONNECT
/*C225*/SET SCHEMA PUBLIC
DISCONNECT
/*C226*/SET SCHEMA PUBLIC
DISCONNECT
/*C227*/SET SCHEMA PUBLIC
DISCONNECT
/*C228*/SET SCHEMA PUBLIC
INSERT INTO COMMENT VALUES(47,'\u0415\u0433\u043e\u0440 89045805717','2017-03-17',79)
COMMIT
DISCONNECT
/*C229*/SET SCHEMA PUBLIC
DISCONNECT
/*C230*/SET SCHEMA PUBLIC
DISCONNECT
/*C231*/SET SCHEMA PUBLIC
DISCONNECT
/*C232*/SET SCHEMA PUBLIC
DISCONNECT
/*C233*/SET SCHEMA PUBLIC
DISCONNECT
/*C234*/SET SCHEMA PUBLIC
DISCONNECT
/*C235*/SET SCHEMA PUBLIC
DISCONNECT
/*C236*/SET SCHEMA PUBLIC
DISCONNECT
/*C237*/SET SCHEMA PUBLIC
INSERT INTO COMMENT VALUES(48,'\u0416\u0443\u043a\u043e\u0432 \u0410\u043b\u0435\u043a\u0441\u0435\u0439 89087970787','2017-03-17',79)
COMMIT
DISCONNECT
/*C238*/SET SCHEMA PUBLIC
DISCONNECT
/*C239*/SET SCHEMA PUBLIC
DISCONNECT
/*C240*/SET SCHEMA PUBLIC
DISCONNECT
/*C241*/SET SCHEMA PUBLIC
DISCONNECT
/*C242*/SET SCHEMA PUBLIC
DISCONNECT
/*C243*/SET SCHEMA PUBLIC
DISCONNECT
/*C244*/SET SCHEMA PUBLIC
DISCONNECT
/*C245*/SET SCHEMA PUBLIC
DISCONNECT
/*C246*/SET SCHEMA PUBLIC
INSERT INTO COMMENT VALUES(49,'\u0418\u0432\u043b\u0435\u0432 \u0422\u043e\u043b\u044f 89502185336','2017-03-17',79)
COMMIT
DISCONNECT
/*C247*/SET SCHEMA PUBLIC
DISCONNECT
/*C248*/SET SCHEMA PUBLIC
DISCONNECT
/*C249*/SET SCHEMA PUBLIC
DISCONNECT
/*C250*/SET SCHEMA PUBLIC
DISCONNECT
/*C251*/SET SCHEMA PUBLIC
DISCONNECT
/*C252*/SET SCHEMA PUBLIC
DISCONNECT
/*C253*/SET SCHEMA PUBLIC
DISCONNECT
/*C254*/SET SCHEMA PUBLIC
DISCONNECT
/*C255*/SET SCHEMA PUBLIC
INSERT INTO COMMENT VALUES(50,'\u0418\u0433\u043e\u0440\u044c 89139752017','2017-03-17',79)
COMMIT
DISCONNECT
/*C256*/SET SCHEMA PUBLIC
DISCONNECT
/*C257*/SET SCHEMA PUBLIC
DISCONNECT
/*C258*/SET SCHEMA PUBLIC
DISCONNECT
/*C259*/SET SCHEMA PUBLIC
DISCONNECT
/*C260*/SET SCHEMA PUBLIC
DISCONNECT
/*C261*/SET SCHEMA PUBLIC
DISCONNECT
/*C262*/SET SCHEMA PUBLIC
DISCONNECT
/*C263*/SET SCHEMA PUBLIC
DISCONNECT
/*C264*/SET SCHEMA PUBLIC
INSERT INTO COMMENT VALUES(51,'\u0418\u0433\u043e\u0440\u044c \u041c\u0430\u0440\u0442\u044b\u043d\u0435\u043d\u043a\u043e 89043263100','2017-03-17',79)
COMMIT
DISCONNECT
/*C265*/SET SCHEMA PUBLIC
DISCONNECT
/*C266*/SET SCHEMA PUBLIC
DISCONNECT
/*C267*/SET SCHEMA PUBLIC
DISCONNECT
/*C268*/SET SCHEMA PUBLIC
DISCONNECT
/*C269*/SET SCHEMA PUBLIC
DISCONNECT
/*C270*/SET SCHEMA PUBLIC
DISCONNECT
/*C271*/SET SCHEMA PUBLIC
DISCONNECT
/*C272*/SET SCHEMA PUBLIC
DISCONNECT
/*C273*/SET SCHEMA PUBLIC
INSERT INTO COMMENT VALUES(52,'\u041a\u0435\u0442\u043e\u0435\u0432 \u0411\u043e\u0440\u0438\u0441 89160706180','2017-03-17',79)
COMMIT
DISCONNECT
/*C274*/SET SCHEMA PUBLIC
DISCONNECT
/*C275*/SET SCHEMA PUBLIC
DISCONNECT
/*C276*/SET SCHEMA PUBLIC
DISCONNECT
/*C277*/SET SCHEMA PUBLIC
DISCONNECT
/*C278*/SET SCHEMA PUBLIC
DISCONNECT
/*C279*/SET SCHEMA PUBLIC
DISCONNECT
/*C280*/SET SCHEMA PUBLIC
DISCONNECT
/*C281*/SET SCHEMA PUBLIC
DISCONNECT
/*C282*/SET SCHEMA PUBLIC
INSERT INTO COMMENT VALUES(53,'\u041a\u043e\u0440\u0430\u043b\u043b 269573','2017-03-17',79)
COMMIT
DISCONNECT
/*C283*/SET SCHEMA PUBLIC
DISCONNECT
/*C284*/SET SCHEMA PUBLIC
DISCONNECT
/*C285*/SET SCHEMA PUBLIC
DISCONNECT
/*C286*/SET SCHEMA PUBLIC
DISCONNECT
/*C287*/SET SCHEMA PUBLIC
DISCONNECT
/*C288*/SET SCHEMA PUBLIC
DISCONNECT
/*C289*/SET SCHEMA PUBLIC
DISCONNECT
/*C290*/SET SCHEMA PUBLIC
DISCONNECT
/*C291*/SET SCHEMA PUBLIC
INSERT INTO COMMENT VALUES(54,'\u041a\u0440\u044b\u043b\u043e\u0432\u0430 \u041b.\u0410. 89139748429','2017-03-17',79)
COMMIT
DISCONNECT
/*C292*/SET SCHEMA PUBLIC
DISCONNECT
/*C293*/SET SCHEMA PUBLIC
DISCONNECT
/*C294*/SET SCHEMA PUBLIC
DISCONNECT
/*C295*/SET SCHEMA PUBLIC
DISCONNECT
/*C296*/SET SCHEMA PUBLIC
DISCONNECT
/*C297*/SET SCHEMA PUBLIC
DISCONNECT
/*C298*/SET SCHEMA PUBLIC
DISCONNECT
/*C299*/SET SCHEMA PUBLIC
DISCONNECT
/*C300*/SET SCHEMA PUBLIC
INSERT INTO COMMENT VALUES(55,'\u041a\u0443\u0434\u0440\u044f\u0448\u043e\u0432\u0430 \u041f\u043e\u043b\u0438\u043d\u0430 89237662776','2017-03-17',79)
COMMIT
DISCONNECT
/*C301*/SET SCHEMA PUBLIC
DISCONNECT
/*C302*/SET SCHEMA PUBLIC
DISCONNECT
/*C303*/SET SCHEMA PUBLIC
DISCONNECT
/*C304*/SET SCHEMA PUBLIC
DISCONNECT
/*C305*/SET SCHEMA PUBLIC
DISCONNECT
/*C306*/SET SCHEMA PUBLIC
DISCONNECT
/*C307*/SET SCHEMA PUBLIC
DISCONNECT
/*C308*/SET SCHEMA PUBLIC
DISCONNECT
/*C309*/SET SCHEMA PUBLIC
INSERT INTO COMMENT VALUES(56,'\u041a\u0443\u0437\u043d\u0435\u0446\u043e\u044b \u041b\u0435\u0445\u0430 89039811157','2017-03-17',79)
COMMIT
DISCONNECT
/*C310*/SET SCHEMA PUBLIC
DISCONNECT
/*C311*/SET SCHEMA PUBLIC
DISCONNECT
/*C312*/SET SCHEMA PUBLIC
DISCONNECT
/*C313*/SET SCHEMA PUBLIC
DISCONNECT
/*C314*/SET SCHEMA PUBLIC
DISCONNECT
/*C315*/SET SCHEMA PUBLIC
DISCONNECT
/*C316*/SET SCHEMA PUBLIC
DISCONNECT
/*C317*/SET SCHEMA PUBLIC
DISCONNECT
/*C318*/SET SCHEMA PUBLIC
INSERT INTO COMMENT VALUES(57,'\u041b\u0435\u0432\u0443\u0448\u043a\u0438\u043d \u0414\u0435\u043d\u0438\u0441 89048255624','2017-03-17',79)
COMMIT
DISCONNECT
/*C319*/SET SCHEMA PUBLIC
DISCONNECT
/*C320*/SET SCHEMA PUBLIC
DISCONNECT
/*C321*/SET SCHEMA PUBLIC
DISCONNECT
/*C322*/SET SCHEMA PUBLIC
DISCONNECT
/*C323*/SET SCHEMA PUBLIC
DISCONNECT
/*C324*/SET SCHEMA PUBLIC
DISCONNECT
/*C325*/SET SCHEMA PUBLIC
DISCONNECT
/*C326*/SET SCHEMA PUBLIC
DISCONNECT
/*C327*/SET SCHEMA PUBLIC
INSERT INTO COMMENT VALUES(58,'\u041b\u0435\u043d\u0430 \u0410\u043d\u0438\u0441\u043a\u0435\u0432\u0438\u0447 89131523408','2017-03-17',79)
COMMIT
DISCONNECT
/*C328*/SET SCHEMA PUBLIC
DISCONNECT
/*C329*/SET SCHEMA PUBLIC
DISCONNECT
/*C330*/SET SCHEMA PUBLIC
DISCONNECT
/*C331*/SET SCHEMA PUBLIC
DISCONNECT
/*C332*/SET SCHEMA PUBLIC
DISCONNECT
/*C333*/SET SCHEMA PUBLIC
DISCONNECT
/*C334*/SET SCHEMA PUBLIC
DISCONNECT
/*C335*/SET SCHEMA PUBLIC
DISCONNECT
/*C336*/SET SCHEMA PUBLIC
INSERT INTO COMMENT VALUES(59,'\u041c\u0430\u043a\u0430\u0440\u0435\u043d\u043a\u043e \u0410\u043b\u0435\u043a\u0441\u0435\u0439 89059412177','2017-03-17',79)
COMMIT
DISCONNECT
/*C337*/SET SCHEMA PUBLIC
DISCONNECT
/*C338*/SET SCHEMA PUBLIC
DISCONNECT
/*C339*/SET SCHEMA PUBLIC
DISCONNECT
/*C340*/SET SCHEMA PUBLIC
DISCONNECT
/*C341*/SET SCHEMA PUBLIC
DISCONNECT
/*C342*/SET SCHEMA PUBLIC
DISCONNECT
/*C343*/SET SCHEMA PUBLIC
DISCONNECT
/*C344*/SET SCHEMA PUBLIC
DISCONNECT
/*C345*/SET SCHEMA PUBLIC
INSERT INTO COMMENT VALUES(60,'\u041c\u0430\u043a\u0441\u0438\u043c \u041e\u043a\u043d\u0430 89045856098','2017-03-17',79)
COMMIT
DISCONNECT
/*C346*/SET SCHEMA PUBLIC
DISCONNECT
/*C347*/SET SCHEMA PUBLIC
DISCONNECT
/*C348*/SET SCHEMA PUBLIC
DISCONNECT
/*C349*/SET SCHEMA PUBLIC
DISCONNECT
/*C350*/SET SCHEMA PUBLIC
DISCONNECT
/*C351*/SET SCHEMA PUBLIC
DISCONNECT
/*C352*/SET SCHEMA PUBLIC
DISCONNECT
/*C353*/SET SCHEMA PUBLIC
DISCONNECT
/*C354*/SET SCHEMA PUBLIC
INSERT INTO COMMENT VALUES(61,'\u041c\u0430\u043c\u0430 89040703899','2017-03-17',79)
COMMIT
DISCONNECT
/*C355*/SET SCHEMA PUBLIC
DISCONNECT
/*C356*/SET SCHEMA PUBLIC
DISCONNECT
/*C357*/SET SCHEMA PUBLIC
DISCONNECT
/*C358*/SET SCHEMA PUBLIC
DISCONNECT
/*C359*/SET SCHEMA PUBLIC
DISCONNECT
/*C360*/SET SCHEMA PUBLIC
DISCONNECT
/*C361*/SET SCHEMA PUBLIC
DISCONNECT
/*C362*/SET SCHEMA PUBLIC
DISCONNECT
/*C363*/SET SCHEMA PUBLIC
INSERT INTO COMMENT VALUES(62,'\u041c\u0430\u043c\u0430 \u0414\u043e\u043c 459558','2017-03-17',79)
COMMIT
DISCONNECT
/*C364*/SET SCHEMA PUBLIC
DISCONNECT
/*C365*/SET SCHEMA PUBLIC
DISCONNECT
/*C366*/SET SCHEMA PUBLIC
DISCONNECT
/*C367*/SET SCHEMA PUBLIC
DISCONNECT
/*C368*/SET SCHEMA PUBLIC
DISCONNECT
/*C369*/SET SCHEMA PUBLIC
DISCONNECT
/*C370*/SET SCHEMA PUBLIC
DISCONNECT
/*C371*/SET SCHEMA PUBLIC
DISCONNECT
/*C372*/SET SCHEMA PUBLIC
INSERT INTO COMMENT VALUES(63,'\u041c\u0430\u0445\u043e\u0440\u0438\u043d \u0421\u0435\u0440\u0433\u0435\u0439 89136834568','2017-03-17',79)
COMMIT
DISCONNECT
/*C373*/SET SCHEMA PUBLIC
DISCONNECT
/*C374*/SET SCHEMA PUBLIC
DISCONNECT
/*C375*/SET SCHEMA PUBLIC
DISCONNECT
/*C376*/SET SCHEMA PUBLIC
DISCONNECT
/*C377*/SET SCHEMA PUBLIC
DISCONNECT
/*C378*/SET SCHEMA PUBLIC
DISCONNECT
/*C379*/SET SCHEMA PUBLIC
DISCONNECT
/*C380*/SET SCHEMA PUBLIC
DISCONNECT
/*C381*/SET SCHEMA PUBLIC
INSERT INTO COMMENT VALUES(64,'\u041d\u0438\u043a\u0438\u0442\u0438\u043d \u0410\u043b\u0435\u043a\u0441\u0435\u0439 89139779183','2017-03-17',79)
COMMIT
DISCONNECT
/*C382*/SET SCHEMA PUBLIC
DISCONNECT
/*C383*/SET SCHEMA PUBLIC
DISCONNECT
/*C384*/SET SCHEMA PUBLIC
DISCONNECT
/*C385*/SET SCHEMA PUBLIC
DISCONNECT
/*C386*/SET SCHEMA PUBLIC
DISCONNECT
/*C387*/SET SCHEMA PUBLIC
DISCONNECT
/*C388*/SET SCHEMA PUBLIC
DISCONNECT
/*C389*/SET SCHEMA PUBLIC
DISCONNECT
/*C390*/SET SCHEMA PUBLIC
INSERT INTO COMMENT VALUES(65,'\u041d\u0438\u043a\u0438\u0442\u0438\u043d\u0430 \u0422\u0430\u043d\u044f 89533927503','2017-03-17',79)
COMMIT
DISCONNECT
/*C391*/SET SCHEMA PUBLIC
DISCONNECT
/*C392*/SET SCHEMA PUBLIC
DISCONNECT
/*C393*/SET SCHEMA PUBLIC
DISCONNECT
/*C394*/SET SCHEMA PUBLIC
DISCONNECT
/*C395*/SET SCHEMA PUBLIC
DISCONNECT
/*C396*/SET SCHEMA PUBLIC
DISCONNECT
/*C397*/SET SCHEMA PUBLIC
DISCONNECT
/*C398*/SET SCHEMA PUBLIC
DISCONNECT
/*C399*/SET SCHEMA PUBLIC
INSERT INTO COMMENT VALUES(66,'\u041d\u0438\u043a\u043e\u043b\u0430\u0435\u0432 \u0412\u043b\u0430\u0434\u0438\u043c\u0438\u0440 89045856387','2017-03-17',79)
COMMIT
DISCONNECT
/*C400*/SET SCHEMA PUBLIC
DISCONNECT
/*C401*/SET SCHEMA PUBLIC
DISCONNECT
/*C402*/SET SCHEMA PUBLIC
DISCONNECT
/*C403*/SET SCHEMA PUBLIC
DISCONNECT
/*C404*/SET SCHEMA PUBLIC
DISCONNECT
/*C405*/SET SCHEMA PUBLIC
DISCONNECT
/*C406*/SET SCHEMA PUBLIC
DISCONNECT
/*C407*/SET SCHEMA PUBLIC
DISCONNECT
/*C408*/SET SCHEMA PUBLIC
INSERT INTO COMMENT VALUES(67,'\u041e\u043a\u0441\u0430\u043d\u0430 \u0421\u0430\u0434 89045877887','2017-03-17',79)
COMMIT
DISCONNECT
/*C409*/SET SCHEMA PUBLIC
DISCONNECT
/*C410*/SET SCHEMA PUBLIC
DISCONNECT
/*C411*/SET SCHEMA PUBLIC
DISCONNECT
/*C412*/SET SCHEMA PUBLIC
DISCONNECT
/*C413*/SET SCHEMA PUBLIC
DISCONNECT
/*C414*/SET SCHEMA PUBLIC
DISCONNECT
/*C415*/SET SCHEMA PUBLIC
DISCONNECT
/*C416*/SET SCHEMA PUBLIC
DISCONNECT
/*C417*/SET SCHEMA PUBLIC
INSERT INTO COMMENT VALUES(68,'\u041e\u0442\u0435\u0446 89043286108','2017-03-17',79)
COMMIT
DISCONNECT
/*C418*/SET SCHEMA PUBLIC
DISCONNECT
/*C419*/SET SCHEMA PUBLIC
DISCONNECT
/*C420*/SET SCHEMA PUBLIC
DISCONNECT
/*C421*/SET SCHEMA PUBLIC
DISCONNECT
/*C422*/SET SCHEMA PUBLIC
DISCONNECT
/*C423*/SET SCHEMA PUBLIC
DISCONNECT
/*C424*/SET SCHEMA PUBLIC
DISCONNECT
/*C425*/SET SCHEMA PUBLIC
DISCONNECT
/*C426*/SET SCHEMA PUBLIC
INSERT INTO COMMENT VALUES(69,'\u041f\u0430\u0448\u0430 \u0426\u044b\u0433\u0430\u043d\u043e\u043a 89139639989','2017-03-17',79)
COMMIT
DISCONNECT
/*C427*/SET SCHEMA PUBLIC
DISCONNECT
/*C428*/SET SCHEMA PUBLIC
DISCONNECT
/*C429*/SET SCHEMA PUBLIC
DISCONNECT
/*C430*/SET SCHEMA PUBLIC
DISCONNECT
/*C431*/SET SCHEMA PUBLIC
DISCONNECT
/*C432*/SET SCHEMA PUBLIC
DISCONNECT
/*C433*/SET SCHEMA PUBLIC
DISCONNECT
/*C434*/SET SCHEMA PUBLIC
DISCONNECT
/*C435*/SET SCHEMA PUBLIC
INSERT INTO COMMENT VALUES(70,'\u041f\u0440\u043e\u0447\u0435\u043d\u043a\u043e \u0410\u043b\u0435\u043a\u0441\u0435\u0439 89806364128','2017-03-17',79)
COMMIT
DISCONNECT
/*C436*/SET SCHEMA PUBLIC
DISCONNECT
/*C437*/SET SCHEMA PUBLIC
DISCONNECT
/*C438*/SET SCHEMA PUBLIC
DISCONNECT
/*C439*/SET SCHEMA PUBLIC
DISCONNECT
/*C440*/SET SCHEMA PUBLIC
DISCONNECT
/*C441*/SET SCHEMA PUBLIC
DISCONNECT
/*C442*/SET SCHEMA PUBLIC
DISCONNECT
/*C443*/SET SCHEMA PUBLIC
DISCONNECT
/*C444*/SET SCHEMA PUBLIC
INSERT INTO COMMENT VALUES(71,'\u041f\u0440\u043e\u0447\u0435\u043d\u043a\u043e \u0410\u043b\u0435\u043a\u0441\u0435\u0439 89514219804','2017-03-17',79)
COMMIT
DISCONNECT
/*C445*/SET SCHEMA PUBLIC
DISCONNECT
/*C446*/SET SCHEMA PUBLIC
DISCONNECT
/*C447*/SET SCHEMA PUBLIC
DISCONNECT
/*C448*/SET SCHEMA PUBLIC
DISCONNECT
/*C449*/SET SCHEMA PUBLIC
DISCONNECT
/*C450*/SET SCHEMA PUBLIC
DISCONNECT
/*C451*/SET SCHEMA PUBLIC
DISCONNECT
/*C452*/SET SCHEMA PUBLIC
DISCONNECT
/*C453*/SET SCHEMA PUBLIC
INSERT INTO COMMENT VALUES(72,'\u0420\u0435\u0437\u0438\u043d\u0430 \u0421\u0430\u0448\u0430 89136049562','2017-03-17',79)
COMMIT
DISCONNECT
/*C454*/SET SCHEMA PUBLIC
DISCONNECT
/*C455*/SET SCHEMA PUBLIC
DISCONNECT
/*C456*/SET SCHEMA PUBLIC
DISCONNECT
/*C457*/SET SCHEMA PUBLIC
DISCONNECT
/*C458*/SET SCHEMA PUBLIC
DISCONNECT
/*C459*/SET SCHEMA PUBLIC
DISCONNECT
/*C460*/SET SCHEMA PUBLIC
DISCONNECT
/*C461*/SET SCHEMA PUBLIC
DISCONNECT
/*C462*/SET SCHEMA PUBLIC
INSERT INTO COMMENT VALUES(73,'\u0421\u0432\u0435\u0442\u0438\u043a 89088023480','2017-03-17',79)
COMMIT
DISCONNECT
/*C463*/SET SCHEMA PUBLIC
DISCONNECT
/*C464*/SET SCHEMA PUBLIC
DISCONNECT
/*C465*/SET SCHEMA PUBLIC
DISCONNECT
/*C466*/SET SCHEMA PUBLIC
DISCONNECT
/*C467*/SET SCHEMA PUBLIC
DISCONNECT
/*C468*/SET SCHEMA PUBLIC
DISCONNECT
/*C469*/SET SCHEMA PUBLIC
DISCONNECT
/*C470*/SET SCHEMA PUBLIC
DISCONNECT
/*C471*/SET SCHEMA PUBLIC
INSERT INTO COMMENT VALUES(74,'\u0421\u0432\u0435\u0442\u0438\u043a \u0414\u043e\u043c 741630','2017-03-17',79)
COMMIT
DISCONNECT
/*C472*/SET SCHEMA PUBLIC
DISCONNECT
/*C473*/SET SCHEMA PUBLIC
DISCONNECT
/*C474*/SET SCHEMA PUBLIC
DISCONNECT
/*C475*/SET SCHEMA PUBLIC
DISCONNECT
/*C476*/SET SCHEMA PUBLIC
DISCONNECT
/*C477*/SET SCHEMA PUBLIC
DISCONNECT
/*C478*/SET SCHEMA PUBLIC
DISCONNECT
/*C479*/SET SCHEMA PUBLIC
DISCONNECT
/*C480*/SET SCHEMA PUBLIC
INSERT INTO COMMENT VALUES(75,'\u0421\u0435\u0440\u0433\u0435\u0439 89043208399','2017-03-17',79)
COMMIT
DISCONNECT
/*C481*/SET SCHEMA PUBLIC
DISCONNECT
/*C482*/SET SCHEMA PUBLIC
DISCONNECT
/*C483*/SET SCHEMA PUBLIC
DISCONNECT
/*C484*/SET SCHEMA PUBLIC
DISCONNECT
/*C485*/SET SCHEMA PUBLIC
DISCONNECT
/*C486*/SET SCHEMA PUBLIC
DISCONNECT
/*C487*/SET SCHEMA PUBLIC
DISCONNECT
/*C488*/SET SCHEMA PUBLIC
DISCONNECT
/*C489*/SET SCHEMA PUBLIC
INSERT INTO COMMENT VALUES(76,'\u0421\u0435\u0440\u0435\u0433\u0430 \u041a\u043e\u0432\u0430\u043b\u0435\u0446 89835230512','2017-03-17',79)
COMMIT
DISCONNECT
/*C490*/SET SCHEMA PUBLIC
DISCONNECT
/*C491*/SET SCHEMA PUBLIC
DISCONNECT
/*C492*/SET SCHEMA PUBLIC
DISCONNECT
/*C493*/SET SCHEMA PUBLIC
DISCONNECT
/*C494*/SET SCHEMA PUBLIC
DISCONNECT
/*C495*/SET SCHEMA PUBLIC
DISCONNECT
/*C496*/SET SCHEMA PUBLIC
DISCONNECT
/*C497*/SET SCHEMA PUBLIC
DISCONNECT
/*C498*/SET SCHEMA PUBLIC
INSERT INTO COMMENT VALUES(77,'\u0421\u0438\u0433\u0430\u0435\u0432\u0430 \u041d\u0430\u0434\u044f 89059211396','2017-03-17',79)
COMMIT
DISCONNECT
/*C499*/SET SCHEMA PUBLIC
DISCONNECT
/*C500*/SET SCHEMA PUBLIC
DISCONNECT
/*C501*/SET SCHEMA PUBLIC
DISCONNECT
/*C502*/SET SCHEMA PUBLIC
DISCONNECT
/*C503*/SET SCHEMA PUBLIC
DISCONNECT
/*C504*/SET SCHEMA PUBLIC
DISCONNECT
/*C505*/SET SCHEMA PUBLIC
DISCONNECT
/*C506*/SET SCHEMA PUBLIC
DISCONNECT
/*C507*/SET SCHEMA PUBLIC
INSERT INTO COMMENT VALUES(78,'\u0421\u0438\u043c\u043a\u0430 89048257026','2017-03-17',79)
COMMIT
DISCONNECT
/*C508*/SET SCHEMA PUBLIC
DISCONNECT
/*C509*/SET SCHEMA PUBLIC
DISCONNECT
/*C510*/SET SCHEMA PUBLIC
DISCONNECT
/*C511*/SET SCHEMA PUBLIC
DISCONNECT
/*C512*/SET SCHEMA PUBLIC
DISCONNECT
/*C513*/SET SCHEMA PUBLIC
DISCONNECT
/*C514*/SET SCHEMA PUBLIC
DISCONNECT
/*C515*/SET SCHEMA PUBLIC
DISCONNECT
/*C516*/SET SCHEMA PUBLIC
INSERT INTO COMMENT VALUES(79,'\u0421\u043d\u0435\u0433\u0438\u0440\u044c\u043a\u043e\u0432\u0430 \u0410\u043d\u043d\u0430 89057894446','2017-03-17',79)
COMMIT
DISCONNECT
/*C517*/SET SCHEMA PUBLIC
DISCONNECT
/*C518*/SET SCHEMA PUBLIC
DISCONNECT
/*C519*/SET SCHEMA PUBLIC
DISCONNECT
/*C520*/SET SCHEMA PUBLIC
DISCONNECT
/*C521*/SET SCHEMA PUBLIC
DISCONNECT
/*C522*/SET SCHEMA PUBLIC
DISCONNECT
/*C523*/SET SCHEMA PUBLIC
DISCONNECT
/*C524*/SET SCHEMA PUBLIC
DISCONNECT
/*C525*/SET SCHEMA PUBLIC
INSERT INTO COMMENT VALUES(80,'\u0421\u043e\u0440\u043e\u043a\u0438\u043d \u0414\u0435\u043d\u0438\u0441 89136146229','2017-03-17',79)
COMMIT
DISCONNECT
/*C526*/SET SCHEMA PUBLIC
DISCONNECT
/*C527*/SET SCHEMA PUBLIC
DISCONNECT
/*C528*/SET SCHEMA PUBLIC
DISCONNECT
/*C529*/SET SCHEMA PUBLIC
DISCONNECT
/*C530*/SET SCHEMA PUBLIC
DISCONNECT
/*C531*/SET SCHEMA PUBLIC
DISCONNECT
/*C532*/SET SCHEMA PUBLIC
DISCONNECT
/*C533*/SET SCHEMA PUBLIC
DISCONNECT
/*C534*/SET SCHEMA PUBLIC
INSERT INTO COMMENT VALUES(81,'\u0422.\u0410\u043d\u044f 89509539355','2017-03-17',79)
COMMIT
DISCONNECT
/*C535*/SET SCHEMA PUBLIC
DISCONNECT
/*C536*/SET SCHEMA PUBLIC
DISCONNECT
/*C537*/SET SCHEMA PUBLIC
DISCONNECT
/*C538*/SET SCHEMA PUBLIC
DISCONNECT
/*C539*/SET SCHEMA PUBLIC
DISCONNECT
/*C540*/SET SCHEMA PUBLIC
DISCONNECT
/*C541*/SET SCHEMA PUBLIC
DISCONNECT
/*C542*/SET SCHEMA PUBLIC
DISCONNECT
/*C543*/SET SCHEMA PUBLIC
INSERT INTO COMMENT VALUES(82,'\u0422\u0430\u043c\u0430\u0440\u0430 \u041d\u0438\u043a\u043e\u043b\u0430\u0435\u0432\u043d\u0430 89043279372','2017-03-17',79)
COMMIT
DISCONNECT
/*C544*/SET SCHEMA PUBLIC
DISCONNECT
/*C545*/SET SCHEMA PUBLIC
DISCONNECT
/*C546*/SET SCHEMA PUBLIC
DISCONNECT
/*C547*/SET SCHEMA PUBLIC
DISCONNECT
/*C548*/SET SCHEMA PUBLIC
DISCONNECT
/*C549*/SET SCHEMA PUBLIC
DISCONNECT
/*C550*/SET SCHEMA PUBLIC
DISCONNECT
/*C551*/SET SCHEMA PUBLIC
DISCONNECT
/*C552*/SET SCHEMA PUBLIC
INSERT INTO COMMENT VALUES(83,'\u0422\u0430\u043d\u044f 89088078996','2017-03-17',79)
COMMIT
DISCONNECT
/*C553*/SET SCHEMA PUBLIC
DISCONNECT
/*C554*/SET SCHEMA PUBLIC
DISCONNECT
/*C555*/SET SCHEMA PUBLIC
DISCONNECT
/*C556*/SET SCHEMA PUBLIC
DISCONNECT
/*C557*/SET SCHEMA PUBLIC
DISCONNECT
/*C558*/SET SCHEMA PUBLIC
DISCONNECT
/*C559*/SET SCHEMA PUBLIC
DISCONNECT
/*C560*/SET SCHEMA PUBLIC
DISCONNECT
/*C561*/SET SCHEMA PUBLIC
INSERT INTO COMMENT VALUES(84,'\u0422\u0430\u0442\u044c\u044f\u043d\u0430 \u041c\u0438\u0445\u0430\u0439\u043b\u043e\u0432\u043d\u0430 89081134719','2017-03-17',79)
COMMIT
DISCONNECT
/*C562*/SET SCHEMA PUBLIC
DISCONNECT
/*C563*/SET SCHEMA PUBLIC
DISCONNECT
/*C564*/SET SCHEMA PUBLIC
DISCONNECT
/*C565*/SET SCHEMA PUBLIC
DISCONNECT
/*C566*/SET SCHEMA PUBLIC
DISCONNECT
/*C567*/SET SCHEMA PUBLIC
DISCONNECT
/*C568*/SET SCHEMA PUBLIC
DISCONNECT
/*C569*/SET SCHEMA PUBLIC
DISCONNECT
/*C570*/SET SCHEMA PUBLIC
INSERT INTO COMMENT VALUES(85,'\u0422\u0435\u0442\u044f \u0412\u0430\u043b\u044f 89507870807','2017-03-17',79)
COMMIT
DISCONNECT
/*C571*/SET SCHEMA PUBLIC
DISCONNECT
/*C572*/SET SCHEMA PUBLIC
DISCONNECT
/*C573*/SET SCHEMA PUBLIC
DISCONNECT
/*C574*/SET SCHEMA PUBLIC
DISCONNECT
/*C575*/SET SCHEMA PUBLIC
DISCONNECT
/*C576*/SET SCHEMA PUBLIC
DISCONNECT
/*C577*/SET SCHEMA PUBLIC
DISCONNECT
/*C578*/SET SCHEMA PUBLIC
DISCONNECT
/*C579*/SET SCHEMA PUBLIC
INSERT INTO COMMENT VALUES(86,'\u0423\u0440\u0430\u0437\u043e\u0432 \u0412\u0438\u0442\u0430\u043b\u044f 89139692440','2017-03-17',79)
COMMIT
DISCONNECT
/*C580*/SET SCHEMA PUBLIC
DISCONNECT
/*C581*/SET SCHEMA PUBLIC
DISCONNECT
/*C582*/SET SCHEMA PUBLIC
DISCONNECT
/*C583*/SET SCHEMA PUBLIC
DISCONNECT
/*C584*/SET SCHEMA PUBLIC
DISCONNECT
/*C585*/SET SCHEMA PUBLIC
DISCONNECT
/*C586*/SET SCHEMA PUBLIC
DISCONNECT
/*C587*/SET SCHEMA PUBLIC
DISCONNECT
/*C588*/SET SCHEMA PUBLIC
INSERT INTO COMMENT VALUES(87,'\u0427\u0435\u0440\u0435\u043f\u0430\u043d\u043e\u0432 \u0421\u0430\u0448\u0430 89083155985','2017-03-17',79)
COMMIT
DISCONNECT
/*C589*/SET SCHEMA PUBLIC
DISCONNECT
/*C590*/SET SCHEMA PUBLIC
DISCONNECT
/*C591*/SET SCHEMA PUBLIC
DISCONNECT
/*C592*/SET SCHEMA PUBLIC
DISCONNECT
/*C593*/SET SCHEMA PUBLIC
DISCONNECT
/*C594*/SET SCHEMA PUBLIC
DISCONNECT
/*C595*/SET SCHEMA PUBLIC
DISCONNECT
/*C596*/SET SCHEMA PUBLIC
DISCONNECT
/*C597*/SET SCHEMA PUBLIC
INSERT INTO COMMENT VALUES(88,'\u0428\u0443\u0431\u0438\u043d \u0410\u043d\u0442\u043e\u043d 89045272027','2017-03-17',79)
COMMIT
DISCONNECT
/*C598*/SET SCHEMA PUBLIC
DISCONNECT
/*C599*/SET SCHEMA PUBLIC
DISCONNECT
/*C600*/SET SCHEMA PUBLIC
DISCONNECT
/*C601*/SET SCHEMA PUBLIC
DISCONNECT
/*C602*/SET SCHEMA PUBLIC
DISCONNECT
/*C603*/SET SCHEMA PUBLIC
DISCONNECT
/*C604*/SET SCHEMA PUBLIC
DISCONNECT
/*C605*/SET SCHEMA PUBLIC
DISCONNECT
/*C606*/SET SCHEMA PUBLIC
INSERT INTO COMMENT VALUES(89,'\u0429\u0435\u0440\u0431\u0438\u043d\u0430 \u0421\u0430\u043d\u044f 89509806999','2017-03-17',79)
COMMIT
DISCONNECT
/*C607*/SET SCHEMA PUBLIC
DISCONNECT
/*C608*/SET SCHEMA PUBLIC
DISCONNECT
/*C609*/SET SCHEMA PUBLIC
DISCONNECT
/*C610*/SET SCHEMA PUBLIC
DISCONNECT
/*C611*/SET SCHEMA PUBLIC
DISCONNECT
/*C612*/SET SCHEMA PUBLIC
DISCONNECT
/*C613*/SET SCHEMA PUBLIC
DISCONNECT
/*C614*/SET SCHEMA PUBLIC
DISCONNECT
/*C615*/SET SCHEMA PUBLIC
INSERT INTO COMMENT VALUES(90,'\u041f\u0430\u043d\u0444\u0438\u043b\u043e\u0432 \u0410\u043d\u0434\u0440\u0435\u0439 89503366101','2017-03-17',79)
COMMIT
DISCONNECT
/*C616*/SET SCHEMA PUBLIC
DISCONNECT
/*C617*/SET SCHEMA PUBLIC
DISCONNECT
/*C618*/SET SCHEMA PUBLIC
DISCONNECT
/*C619*/SET SCHEMA PUBLIC
DISCONNECT
/*C620*/SET SCHEMA PUBLIC
DISCONNECT
/*C621*/SET SCHEMA PUBLIC
DISCONNECT
/*C622*/SET SCHEMA PUBLIC
DISCONNECT
